<?xml version="1.0" encoding="utf-8"?><testsuites name="pytest tests"><testsuite name="pytest" errors="0" failures="0" skipped="0" tests="28" time="7.152" timestamp="2026-06-04T06:48:42.990150+00:00" hostname="agent-env-966dea0c-684f-481c-ad5d-b16b5a7eb155"><testcase classname="backend.tests.test_amarktai_backend.TestHealth" name="test_health_ok" time="0.293" /><testcase classname="backend.tests.test_amarktai_backend.TestAuth" name="test_register_short_password_rejected" time="0.113" /><testcase classname="backend.tests.test_amarktai_backend.TestAuth" name="test_register_duplicate_email_returns_409" time="0.318" /><testcase classname="backend.tests.test_amarktai_backend.TestAuth" name="test_login_success_and_wrong_password" time="0.559" /><testcase classname="backend.tests.test_amarktai_backend.TestAuth" name="test_me_with_session" time="0.253" /><testcase classname="backend.tests.test_amarktai_backend.TestAuth" name="test_me_without_session_is_401" time="0.113" /><testcase classname="backend.tests.test_amarktai_backend.TestAuth" name="test_logout_clears_cookie" time="0.355" /><testcase classname="backend.tests.test_amarktai_backend.TestGitHub" name="test_status_unauth" time="0.110" /><testcase classname="backend.tests.test_amarktai_backend.TestGitHub" name="test_status_no_pat" time="0.268" /><testcase classname="backend.tests.test_amarktai_backend.TestGitHub" name="test_connect_unauth" time="0.125" /><testcase classname="backend.tests.test_amarktai_backend.TestGitHub" name="test_connect_invalid_token" time="0.493" /><testcase classname="backend.tests.test_amarktai_backend.TestGitHub" name="test_repos_without_pat" time="0.251" /><testcase classname="backend.tests.test_amarktai_backend.TestGitHub" name="test_branch_invalid_body" time="0.245" /><testcase classname="backend.tests.test_amarktai_backend.TestGitHub" name="test_commit_invalid_body" time="0.269" /><testcase classname="backend.tests.test_amarktai_backend.TestGitHub" name="test_pull_request_invalid_body" time="0.401" /><testcase classname="backend.tests.test_amarktai_backend.TestAI" name="test_ai_status_requires_session" time="0.111" /><testcase classname="backend.tests.test_amarktai_backend.TestAI" name="test_ai_status_not_configured" time="0.245" /><testcase classname="backend.tests.test_amarktai_backend.TestAI" name="test_ai_models_fallback" time="0.272" /><testcase classname="backend.tests.test_amarktai_backend.TestAI" name="test_ai_chat_no_key" time="0.249" /><testcase classname="backend.tests.test_amarktai_backend.TestAI" name="test_ai_task_create_and_run_fails_without_key" time="0.407" /><testcase classname="backend.tests.test_amarktai_backend.TestAI" name="test_ai_task_list_unauth" time="0.137" /><testcase classname="backend.tests.test_amarktai_backend.TestPullRequests" name="test_empty_pr_list_for_new_user" time="0.294" /><testcase classname="backend.tests.test_amarktai_backend.TestPullRequests" name="test_pr_list_unauth" time="0.106" /><testcase classname="backend.tests.test_amarktai_backend.TestMultiTenancy" name="test_user_b_cannot_see_user_a_tasks" time="0.613" /><testcase classname="backend.tests.test_amarktai_backend.TestMiddleware" name="test_dashboard_redirects_unauthenticated" time="0.116" /><testcase classname="backend.tests.test_amarktai_backend.TestPages" name="test_landing_page" time="0.122" /><testcase classname="backend.tests.test_amarktai_backend.TestPages" name="test_login_page" time="0.116" /><testcase classname="backend.tests.test_amarktai_backend.TestPages" name="test_register_page" time="0.109" /></testsuite></testsuites>